0 info it worked if it ends with ok
1 verbose cli [ '/Users/zu/.asdf/installs/nodejs/5.4.0/bin/node',
1 verbose cli   '/Users/zu/.asdf/installs/nodejs/5.4.0/bin/npm',
1 verbose cli   'install' ]
2 info using npm@3.3.12
3 info using node@v5.4.0
4 silly loadCurrentTree Starting
5 silly install loadCurrentTree
6 silly install readLocalPackageData
7 silly install normalizeTree
8 silly loadCurrentTree Finishing
9 silly loadIdealTree Starting
10 silly install loadIdealTree
11 silly cloneCurrentTree Starting
12 silly install cloneCurrentTreeToIdealTree
13 silly cloneCurrentTree Finishing
14 silly loadShrinkwrap Starting
15 silly install loadShrinkwrap
16 silly loadShrinkwrap Finishing
17 silly loadAllDepsIntoIdealTree Starting
18 silly install loadAllDepsIntoIdealTree
19 silly fetchOtherPackageData phoenix_html@file:deps/phoenix_html
20 silly cache add args [ 'phoenix_html@file:deps/phoenix_html', null ]
21 verbose cache add spec phoenix_html@file:deps/phoenix_html
22 silly fetchDirectoryPackageData phoenix
23 silly cache add parsed spec Result {
23 silly cache add   raw: 'phoenix_html@file:deps/phoenix_html',
23 silly cache add   scope: null,
23 silly cache add   name: 'phoenix_html',
23 silly cache add   rawSpec: 'file:deps/phoenix_html',
23 silly cache add   spec: '/Users/zu/noaNoa/deps/phoenix_html',
23 silly cache add   type: 'local' }
24 error addLocal Could not install /Users/zu/noaNoa/deps/phoenix_html
25 silly fetchPackageMetaData Error: ENOENT: no such file or directory, open '/Users/zu/noaNoa/deps/phoenix_html'
25 silly fetchPackageMetaData     at Error (native)
25 silly fetchPackageMetaData  error for phoenix_html@file:deps/phoenix_html { [Error: ENOENT: no such file or directory, open '/Users/zu/noaNoa/deps/phoenix_html']
25 silly fetchPackageMetaData   errno: -2,
25 silly fetchPackageMetaData   code: 'ENOENT',
25 silly fetchPackageMetaData   syscall: 'open',
25 silly fetchPackageMetaData   path: '/Users/zu/noaNoa/deps/phoenix_html' }
26 silly resolveWithNewModule phoenix@1.2.1 checking installable status
27 silly cache add args [ 'phoenix@file:deps/phoenix', null ]
28 verbose cache add spec phoenix@file:deps/phoenix
29 silly cache add parsed spec Result {
29 silly cache add   raw: 'phoenix@file:deps/phoenix',
29 silly cache add   scope: null,
29 silly cache add   name: 'phoenix',
29 silly cache add   rawSpec: 'file:deps/phoenix',
29 silly cache add   spec: '/Users/zu/noaNoa/deps/phoenix',
29 silly cache add   type: 'directory' }
30 verbose addLocalDirectory /Users/zu/.npm/phoenix/1.2.1/package.tgz not in flight; packing
31 info lifecycle phoenix@1.2.1~prepublish: phoenix@1.2.1
32 silly lifecycle phoenix@1.2.1~prepublish: no script for prepublish, continuing
33 verbose tar pack [ '/Users/zu/.npm/phoenix/1.2.1/package.tgz',
33 verbose tar pack   '/Users/zu/noaNoa/deps/phoenix' ]
34 verbose tarball /Users/zu/.npm/phoenix/1.2.1/package.tgz
35 verbose folder /Users/zu/noaNoa/deps/phoenix
36 verbose addLocalTarball adding from inside cache /Users/zu/.npm/phoenix/1.2.1/package.tgz
37 silly cache afterAdd phoenix@1.2.1
38 verbose afterAdd /Users/zu/.npm/phoenix/1.2.1/package/package.json not in flight; writing
39 verbose afterAdd /Users/zu/.npm/phoenix/1.2.1/package/package.json written
40 silly rollbackFailedOptional Starting
41 silly rollbackFailedOptional Finishing
42 silly runTopLevelLifecycles Starting
43 silly runTopLevelLifecycles Finishing
44 silly install printInstalled
45 verbose stack Error: ENOENT: no such file or directory, open '/Users/zu/noaNoa/deps/phoenix_html'
45 verbose stack     at Error (native)
46 verbose cwd /Users/zu/noaNoa
47 error Darwin 15.3.0
48 error argv "/Users/zu/.asdf/installs/nodejs/5.4.0/bin/node" "/Users/zu/.asdf/installs/nodejs/5.4.0/bin/npm" "install"
49 error node v5.4.0
50 error npm  v3.3.12
51 error path /Users/zu/noaNoa/deps/phoenix_html
52 error code ENOENT
53 error errno -2
54 error syscall open
55 error enoent ENOENT: no such file or directory, open '/Users/zu/noaNoa/deps/phoenix_html'
55 error enoent This is most likely not a problem with npm itself
55 error enoent and is related to npm not being able to find a file.
56 verbose exit [ -2, true ]
